{
  "Cucumber Features": {
    "coverage": {
      "/home/carito/Descargas/inge-soft-proy/app.rb": [
        1,
        1,
        null,
        1,
        1,
        1,
        1,
        1,
        1,
        1,
        null,
        1,
        null,
        1,
        4,
        null,
        1,
        4,
        4,
        null,
        null,
        1,
        5,
        null,
        1,
        9,
        null,
        null,
        1,
        9,
        null,
        null,
        1,
        2,
        2,
        2,
        2,
        null,
        null,
        1,
        4,
        null,
        null,
        1,
        1,
        1,
        1,
        null,
        null,
        1,
        0,
        0,
        0,
        null,
        null,
        1,
        0,
        0,
        null,
        null,
        null
      ],
      "/home/carito/Descargas/inge-soft-proy/lib/Prueba.rb": [
        1,
        null,
        1,
        0,
        0,
        0,
        0,
        0,
        0,
        0,
        0,
        0,
        0,
        0,
        null,
        0,
        0,
        null,
        0,
        0,
        0,
        0,
        0,
        0,
        0,
        0,
        0,
        null,
        0,
        0,
        0,
        0,
        0,
        0,
        0,
        0,
        0,
        null,
        null,
        null,
        null,
        null,
        1,
        0,
        0,
        0,
        null,
        0,
        0,
        0,
        null,
        0,
        0,
        0,
        null,
        0,
        0,
        0,
        null,
        null,
        null,
        null,
        null
      ],
      "/home/carito/Descargas/inge-soft-proy/features/step_definitions/bienvenida_steps.rb": [
        1,
        4,
        null,
        null,
        1,
        4,
        null,
        1,
        4,
        null,
        1,
        4,
        null
      ],
      "/home/carito/Descargas/inge-soft-proy/features/step_definitions/movimiento_steps.rb": [
        1,
        3,
        null,
        null,
        1,
        3,
        null,
        null,
        null,
        1,
        1,
        null,
        1,
        1,
        null,
        1,
        1,
        null
      ],
      "/home/carito/Descargas/inge-soft-proy/features/step_definitions/principal_steps.rb": [
        1,
        3,
        null,
        1,
        3,
        null,
        1,
        1,
        null,
        null,
        1,
        1,
        null,
        null,
        1,
        1,
        null
      ],
      "/home/carito/Descargas/inge-soft-proy/features/step_definitions/tabla_steps.rb": [
        1,
        1,
        null,
        null,
        1,
        1,
        null,
        1,
        1,
        null,
        1,
        1,
        null,
        1,
        1,
        null
      ],
      "/home/carito/Descargas/inge-soft-proy/features/step_definitions/ubicacion_steps.rb": [
        1,
        2,
        null,
        null,
        1,
        2,
        null,
        null,
        1,
        2,
        null,
        1,
        2,
        null,
        1,
        2,
        null,
        1,
        2,
        null,
        null,
        null
      ],
      "/home/carito/Descargas/inge-soft-proy/features/step_definitions/volverHome_steps.rb": [
        1,
        1,
        null,
        null,
        1,
        1,
        null,
        null,
        1,
        1,
        null,
        null,
        1,
        3,
        null,
        null,
        1,
        3,
        null
      ]
    },
    "timestamp": 1576218363
  },
  "RSpec": {
    "coverage": {
    },
    "timestamp": 1575041232
  }
}
